\BOOKMARK [1][-]{section.1}{\376\377\133\236\232\214\166\356\166\204\116\016\211\201\154\102}{}% 1
\BOOKMARK [2][-]{subsection.1.1}{\376\377\133\236\232\214\166\356\166\204}{section.1}% 2
\BOOKMARK [2][-]{subsection.1.2}{\376\377\133\236\232\214\211\201\154\102}{section.1}% 3
\BOOKMARK [1][-]{section.2}{\376\377\133\236\232\214\123\237\164\006\116\016\133\236\232\214\121\205\133\271}{}% 4
\BOOKMARK [2][-]{subsection.2.1}{\376\377\133\236\232\214\123\237\164\006}{section.2}% 5
\BOOKMARK [3][-]{subsubsection.2.1.1}{\376\377\160\271\133\371\160\271\220\032\117\341\122\237\200\375}{subsection.2.1}% 6
\BOOKMARK [3][-]{subsubsection.2.1.2}{\376\377\177\244\176\304\220\032\117\341\122\237\200\375}{subsection.2.1}% 7
\BOOKMARK [3][-]{subsubsection.2.1.3}{\376\377\136\177\144\255\122\237\200\375}{subsection.2.1}% 8
\BOOKMARK [2][-]{subsection.2.2}{\376\377\133\236\232\214\121\205\133\271}{section.2}% 9
\BOOKMARK [1][-]{section.3}{\376\377\133\236\232\214\121\167\117\123\213\276\213\241\133\236\163\260\123\312\176\323\147\234}{}% 10
\BOOKMARK [2][-]{subsection.3.1}{\376\377\133\236\232\214\121\167\117\123\213\276\213\241\133\236\163\260}{section.3}% 11
\BOOKMARK [3][-]{subsubsection.3.1.1}{\376\377\000C\000h\000a\000t\000S\000e\000r\000v\000e\000r\147\015\122\241\126\150\172\357\133\236\163\260}{subsection.3.1}% 12
\BOOKMARK [3][-]{subsubsection.3.1.2}{\376\377\000C\000h\000a\000t\000C\000l\000i\000e\000n\000t\000G\000U\000I\133\242\142\067\172\357\133\236\163\260}{subsection.3.1}% 13
\BOOKMARK [2][-]{subsection.3.2}{\376\377\172\013\136\217\155\101\172\013\126\376}{section.3}% 14
\BOOKMARK [2][-]{subsection.3.3}{\376\377\133\236\232\214\176\323\147\234}{section.3}% 15
\BOOKMARK [3][-]{subsubsection.3.3.1}{\376\377\124\057\122\250\147\015\122\241\126\150\172\357}{subsection.3.3}% 16
\BOOKMARK [3][-]{subsubsection.3.3.2}{\376\377\122\035\131\313\123\026\133\242\142\067\172\357}{subsection.3.3}% 17
\BOOKMARK [3][-]{subsubsection.3.3.3}{\376\377\147\015\122\241\126\150\166\321\124\054\0001}{subsection.3.3}% 18
\BOOKMARK [3][-]{subsubsection.3.3.4}{\376\377\160\271\133\371\160\271\220\032\117\341}{subsection.3.3}% 19
\BOOKMARK [3][-]{subsubsection.3.3.5}{\376\377\177\244\176\304\220\032\117\341}{subsection.3.3}% 20
\BOOKMARK [3][-]{subsubsection.3.3.6}{\376\377\136\177\144\255\220\032\117\341}{subsection.3.3}% 21
\BOOKMARK [3][-]{subsubsection.3.3.7}{\376\377\147\015\122\241\126\150\166\321\124\054\0002}{subsection.3.3}% 22
\BOOKMARK [1][-]{section.4}{\376\377\133\236\232\214\213\276\131\007\116\016\133\236\232\214\163\257\130\203}{}% 23
\BOOKMARK [1][-]{section.5}{\376\377\133\236\232\214\140\073\176\323}{}% 24
\BOOKMARK [1][-]{section.6}{\376\377\226\104\137\125}{}% 25
\BOOKMARK [2][-]{subsection.6.1}{\376\377\000C\000h\000a\000t\000S\000e\000r\000v\000e\000r\000.\000j\000a\000v\000a\156\220\116\343\170\001}{section.6}% 26
\BOOKMARK [2][-]{subsection.6.2}{\376\377\000C\000h\000a\000t\000C\000l\000i\000e\000n\000t\000G\000U\000I\000.\000j\000a\000v\000a\156\220\116\343\170\001}{section.6}% 27
