\BOOKMARK [1][-]{section.1}{\376\377\133\236\232\214\166\356\166\204\116\016\211\201\154\102}{}% 1
\BOOKMARK [2][-]{subsection.1.1}{\376\377\133\236\232\214\166\356\166\204}{section.1}% 2
\BOOKMARK [2][-]{subsection.1.2}{\376\377\133\236\232\214\211\201\154\102}{section.1}% 3
\BOOKMARK [1][-]{section.2}{\376\377\133\236\232\214\123\237\164\006\116\016\133\236\232\214\121\205\133\271}{}% 4
\BOOKMARK [2][-]{subsection.2.1}{\376\377\133\236\232\214\123\237\164\006}{section.2}% 5
\BOOKMARK [3][-]{subsubsection.2.1.1}{\376\377\000S\000o\000c\000k\000e\000t\177\026\172\013\143\245\123\343}{subsection.2.1}% 6
\BOOKMARK [3][-]{subsubsection.2.1.2}{\376\377\000H\000T\000T\000P\117\040\217\223\123\117\213\256}{subsection.2.1}% 7
\BOOKMARK [2][-]{subsection.2.2}{\376\377\133\236\232\214\121\205\133\271}{section.2}% 8
\BOOKMARK [1][-]{section.3}{\376\377\133\236\232\214\121\167\117\123\213\276\213\241\133\236\163\260\123\312\176\323\147\234}{}% 9
\BOOKMARK [2][-]{subsection.3.1}{\376\377\133\236\232\214\121\167\117\123\213\276\213\241\133\236\163\260}{section.3}% 10
\BOOKMARK [3][-]{subsubsection.3.1.1}{\376\377\133\374\121\145\000s\000o\000c\000k\000e\000t\152\041\127\127}{subsection.3.1}% 11
\BOOKMARK [3][-]{subsubsection.3.1.2}{\376\377\000h\000a\000n\000d\000l\000e\000\137\000r\000e\000q\000u\000e\000s\000t\121\375\145\160}{subsection.3.1}% 12
\BOOKMARK [3][-]{subsubsection.3.1.3}{\376\377\000r\000u\000n\000\137\000s\000e\000r\000v\000e\000r\121\375\145\160}{subsection.3.1}% 13
\BOOKMARK [2][-]{subsection.3.2}{\376\377\172\013\136\217\155\101\172\013\126\376}{section.3}% 14
\BOOKMARK [2][-]{subsection.3.3}{\376\377\133\236\232\214\176\323\147\234}{section.3}% 15
\BOOKMARK [3][-]{subsubsection.3.3.1}{\376\377\124\057\122\250\124\016\143\247\122\066\123\360\217\223\121\372}{subsection.3.3}% 16
\BOOKMARK [3][-]{subsubsection.3.3.2}{\376\377\155\117\211\310\126\150\236\330\213\244\213\277\225\356\176\323\147\234}{subsection.3.3}% 17
\BOOKMARK [3][-]{subsubsection.3.3.3}{\376\377\155\117\211\310\126\150\213\277\225\356\000A\000b\000o\000u\000t\000u\000s\000.\000h\000t\000m\000l\176\323\147\234}{subsection.3.3}% 18
\BOOKMARK [3][-]{subsubsection.3.3.4}{\376\377\155\117\211\310\126\150\213\277\225\356\000C\000o\000n\000t\000a\000c\000t\000u\000s\000.\000h\000t\000m\000l\176\323\147\234}{subsection.3.3}% 19
\BOOKMARK [3][-]{subsubsection.3.3.5}{\376\377\155\117\211\310\126\150\213\277\225\356\000w\000o\000r\000k\000.\000p\000d\000f\176\323\147\234}{subsection.3.3}% 20
\BOOKMARK [3][-]{subsubsection.3.3.6}{\376\377\155\117\211\310\126\150\213\277\225\356\116\015\133\130\127\050\166\204\145\207\116\366\176\323\147\234}{subsection.3.3}% 21
\BOOKMARK [3][-]{subsubsection.3.3.7}{\376\377\117\177\165\050\225\031\213\357\145\271\154\325\213\277\225\356\176\323\147\234}{subsection.3.3}% 22
\BOOKMARK [1][-]{section.4}{\376\377\133\236\232\214\213\276\131\007\116\016\133\236\232\214\163\257\130\203}{}% 23
\BOOKMARK [1][-]{section.5}{\376\377\133\236\232\214\140\073\176\323}{}% 24
\BOOKMARK [1][-]{section.6}{\376\377\226\104\137\125}{}% 25
\BOOKMARK [2][-]{subsection.6.1}{\376\377\000s\000e\000r\000v\000e\000r\000.\000p\000y\156\220\170\001}{section.6}% 26
\BOOKMARK [2][-]{subsection.6.2}{\376\377\000i\000n\000d\000e\000x\000.\000h\000t\000m\000l\156\220\170\001}{section.6}% 27
\BOOKMARK [2][-]{subsection.6.3}{\376\377\000A\000b\000o\000u\000t\000u\000s\000.\000h\000t\000m\000l\156\220\170\001}{section.6}% 28
\BOOKMARK [2][-]{subsection.6.4}{\376\377\000C\000o\000n\000t\000a\000c\000t\000u\000s\000.\000h\000t\000m\000l\156\220\170\001}{section.6}% 29
